[i] Seed: 0
[i] Secret key: GF128Element(8133287637ebdcd9e87a1613e443df78)

Generating (iv, ct) pairs...


[i] AIM/attack parameters:
- n = 128 bits
- ell = 2 branches
- L = 2 IVs
- M = 64 squarings (1 ... 2^(M-1) 2^M)
- W = 257 t-monomials
- Only estimate ? True

[I] Time complexity rough estimate = 2^91.39 field ops

Generating base equations... (using linearized polynomials)

[i] Initial equations: 4
[i] Squared equations: 260
[i] W = t-monomials in equations: 257

Arranging equations...

[i] Full equation matrix F: H=260 x W=257

Computing pivots (p=0)
[i] Rank = #pivots = 257/257   fingerprint 520f1f3ff620a083
[I] Row-degree sum ξ: experimental = 2^66.32, estimated = 2^66.98
[I] Total nonzero coefficients 66179 <= 2W^2 = 132098 ? True
[I] Time complexity 2^88.64 field ops = 2^81.64 encs  (1/n convention)
[I] Memory complexity : 2^75.33 field elems = 2^79.33 bytes = 706436220846080.00 GB
[R1] n=128  ell= 2  L=  2  M= 64  W= 257  ξ=2^ 66.32  Time=2^ 88.64 field ops  Mem=2^ 75.33 field elems
[R2] n=128  ell= 2  L=  2  M= 64  W= 257  ξ=2^ 66.32  Time=2^ 81.64 enc  Mem=2^ 79.33 bytes

[W] not running full attack 706436220846080.0 GB needed, 27.2 GB available
[i] Real secret key for comparison: GF128Element(8133287637ebdcd9e87a1613e443df78)
	Command being timed: "sage attack-aim2.py --no-progress-bars -n 128 -l 2 -L 2 --seed=0 --only-estimate"
	User time (seconds): 2.37
	System time (seconds): 0.17
	Percent of CPU this job got: 99%
	Elapsed (wall clock) time (h:mm:ss or m:ss): 0:02.56
	Average shared text size (kbytes): 0
	Average unshared data size (kbytes): 0
	Average stack size (kbytes): 0
	Average total size (kbytes): 0
	Maximum resident set size (kbytes): 252656
	Average resident set size (kbytes): 0
	Major (requiring I/O) page faults: 0
	Minor (reclaiming a frame) page faults: 53786
	Voluntary context switches: 166
	Involuntary context switches: 118
	Swaps: 0
	File system inputs: 0
	File system outputs: 16
	Socket messages sent: 0
	Socket messages received: 0
	Signals delivered: 0
	Page size (bytes): 4096
	Exit status: 0
