[i] Seed: 0
[i] Secret key: GF128Element(4826867323a7711a8133287637ebdcd9)

Generating (iv, ct) pairs...


[i] AIM/attack parameters:
- n = 128 bits
- ell = 8 branches
- L = 1 IVs
- M = 113 squarings (1 ... 2^(M-1) 2^M)
- W = 1025 t-monomials
- Only estimate ? True

[I] Time complexity rough estimate = 2^142.34 field ops

Generating base equations... (using linearized polynomials)

[i] Initial equations: 9
[i] Squared equations: 1026
[i] W = t-monomials in equations: 1025

Arranging equations...

[i] Full equation matrix F: H=1026 x W=1025

Computing pivots (p=0)
[i] Rank = #pivots = 1025/1025   fingerprint 2a1cacd8b6ac0201
[I] Row-degree sum ξ: experimental = 2^117.09, estimated = 2^117.17
[I] Total nonzero coefficients 234386 <= 2W^2 = 2101250 ? True
[I] Time complexity 2^142.26 field ops = 2^135.26 encs  (1/n convention)
[I] Memory complexity : 2^128.09 field elems = 2^132.09 bytes = 5392776296136937822529309900800.00 GB
[R1] n=128  ell= 8  L=  1  M=113  W=1025  ξ=2^117.09  Time=2^142.26 field ops  Mem=2^128.09 field elems
[R2] n=128  ell= 8  L=  1  M=113  W=1025  ξ=2^117.09  Time=2^135.26 enc  Mem=2^132.09 bytes

[W] not running full attack 5392776296136937822529309900800.0 GB needed, 27.1 GB available
[i] Real secret key for comparison: GF128Element(4826867323a7711a8133287637ebdcd9)
	Command being timed: "sage attack-aim2.py --no-progress-bars -n 128 -l 8 -L 1 --seed=0 --only-estimate"
	User time (seconds): 15.12
	System time (seconds): 0.25
	Percent of CPU this job got: 99%
	Elapsed (wall clock) time (h:mm:ss or m:ss): 0:15.39
	Average shared text size (kbytes): 0
	Average unshared data size (kbytes): 0
	Average stack size (kbytes): 0
	Average total size (kbytes): 0
	Maximum resident set size (kbytes): 406880
	Average resident set size (kbytes): 0
	Major (requiring I/O) page faults: 0
	Minor (reclaiming a frame) page faults: 95278
	Voluntary context switches: 156
	Involuntary context switches: 265
	Swaps: 0
	File system inputs: 0
	File system outputs: 16
	Socket messages sent: 0
	Socket messages received: 0
	Signals delivered: 0
	Page size (bytes): 4096
	Exit status: 0
