[i] Seed: 0
[i] Secret key: GF128Element(82e2e662f728b4fa42485e3a0a5d2f34)

Generating (iv, ct) pairs...


[i] AIM/attack parameters:
- n = 128 bits
- ell = 3 branches
- L = 1 IVs
- M = 96 squarings (1 ... 2^(M-1) 2^M)
- W = 385 t-monomials
- Only estimate ? True

[I] Time complexity rough estimate = 2^123.39 field ops

Generating base equations... (using linearized polynomials)

[i] Initial equations: 4
[i] Squared equations: 388
[i] W = t-monomials in equations: 385

Arranging equations...

[i] Full equation matrix F: H=388 x W=385

Computing pivots (p=0)
[i] Rank = #pivots = 385/385   fingerprint 7e5b341df88205a6
[I] Row-degree sum ξ: experimental = 2^98.32, estimated = 2^98.99
[I] Total nonzero coefficients 74787 <= 2W^2 = 296450 ? True
[I] Time complexity 2^122.26 field ops = 2^115.26 encs  (1/n convention)
[I] Memory complexity : 2^107.91 field elems = 2^111.91 bytes = 4545277739762033518182400.00 GB
[R1] n=128  ell= 3  L=  1  M= 96  W= 385  ξ=2^ 98.32  Time=2^122.26 field ops  Mem=2^107.91 field elems
[R2] n=128  ell= 3  L=  1  M= 96  W= 385  ξ=2^ 98.32  Time=2^115.26 enc  Mem=2^111.91 bytes

[W] not running full attack 4545277739762033518182400.0 GB needed, 27.1 GB available
[i] Real secret key for comparison: GF128Element(82e2e662f728b4fa42485e3a0a5d2f34)
	Command being timed: "sage attack-aim2.py --no-progress-bars -n 128 -l 3 -L 1 --seed=0 --only-estimate"
	User time (seconds): 3.08
	System time (seconds): 0.22
	Percent of CPU this job got: 99%
	Elapsed (wall clock) time (h:mm:ss or m:ss): 0:03.31
	Average shared text size (kbytes): 0
	Average unshared data size (kbytes): 0
	Average stack size (kbytes): 0
	Average total size (kbytes): 0
	Maximum resident set size (kbytes): 263512
	Average resident set size (kbytes): 0
	Major (requiring I/O) page faults: 0
	Minor (reclaiming a frame) page faults: 56601
	Voluntary context switches: 148
	Involuntary context switches: 121
	Swaps: 0
	File system inputs: 0
	File system outputs: 16
	Socket messages sent: 0
	Socket messages received: 0
	Signals delivered: 0
	Page size (bytes): 4096
	Exit status: 0
