single_approximant: len(flat_coeffs) = 115296
single_approximant: d = 124515 / 1245152 (10.0 %)
single_approximant: d = 249030 / 1245152 (20.0 %)
single_approximant: d = 373545 / 1245152 (30.0 %)
single_approximant: d = 498060 / 1245152 (40.0 %)
single_approximant: d = 622575 / 1245152 (50.0 %)
single_approximant: d = 747090 / 1245152 (60.0 %)
single_approximant: d = 871605 / 1245152 (70.0 %)
single_approximant: d = 996120 / 1245152 (80.0 %)
single_approximant: d = 1120635 / 1245152 (90.0 %)
single_approximant: d = 1245150 / 1245152 (100.0 %)
[i] Seed: 0
[i] Secret key: GF128Element(8133287637ebdcd9e87a1613e443df78)

Generating (iv, ct) pairs...


[i] AIM/attack parameters:
- n = 128 bits
- ell = 2 branches
- L = 15 IVs
- M = 15 squarings (1 ... 2^(M-1) 2^M)
- W = 257 t-monomials
- Only estimate ? False

[I] Time complexity rough estimate = 2^44.54 field ops

Generating base equations... (using linearized polynomials)

[i] Initial equations: 17
[i] Squared equations: 272
[i] W = t-monomials in equations: 257

Arranging equations...

[i] Full equation matrix F: H=272 x W=257

Computing pivots (p=0)
[i] Rank = #pivots = 257/257   fingerprint 23e12058bcbe4c85
[I] Row-degree sum ξ: experimental = 2^19.25, estimated = 2^20.01
[I] Total nonzero coefficients 115746 <= 2W^2 = 132098 ? True
[I] Time complexity 2^38.44 field ops = 2^31.44 encs  (1/n convention)
[I] Memory complexity : 2^28.26 field elems = 2^32.26 bytes = 4.78 GB
[R1] n=128  ell= 2  L= 15  M= 15  W= 257  ξ=2^ 19.25  Time=2^ 38.44 field ops  Mem=2^ 28.26 field elems
[R2] n=128  ell= 2  L= 15  M= 15  W= 257  ξ=2^ 19.25  Time=2^ 31.44 enc  Mem=2^ 32.26 bytes

[i] Running full attack 4.8 GB needed, 897.4 GB available

[o] Approximant order o = 1245152 = 2^20.25
[i] FAFFT max degree 2^22
[T] Main attack part, start time measurement  | memory usage: 0.36 GB

[.] Computing pivots of G0 for inversion...
[.] Inversion of base matrix...
[.] Single approximant...
[T] TIME after single approximant: 2634.326756000519  | memory usage: 5.14 GB

[i] Kernel len = 257 degrees = [1245151, 1245151, 1245151, 1245151, 1245151, 1245151, 1245151, 1245151, 1245151, 1245151, 1245151, 1245151, 1245151, 1245151, 1245151, 1245151, 1245151, 1245151, 1245151, 1245151, 1245151, 1245151, 1245151, 1245151, 1245151, 1245151, 1245151, 1245151, 1245151, 1245151, 1245151, 1245151, 1245151, 1245151, 1245151, 1245151, 1245151, 1245151, 1245151, 1245151, 1245151, 1245151, 1245151, 1245151, 1245151, 1245151, 1245151, 1245151, 1245151, 1245151, 1245151, 1245151, 1245151, 1245151, 1245151, 1245151, 1245151, 1245151, 1245151, 1245151, 1245151, 1245151, 1245151, 1245151, 1245151, 1245151, 1245151, 1245151, 1245151, 1245151, 1245151, 1245151, 1245151, 1245151, 1245151, 1245151, 1245151, 1245151, 1245151, 1245151, 1245151, 1245151, 1245151, 1245151, 1245151, 1245151, 1245151, 1245151, 1245151, 1245151, 1245151, 1245151, 1245151, 1245151, 1245151, 1245151, 1245151, 1245151, 1245151, 1245151, 1245151, 1245151, 1245151, 1245151, 1245151, 1245151, 1245151, 1245151, 1245151, 1245151, 1245151, 1245151, 1245151, 1245151, 1245151, 1245151, 1245151, 1245151, 1245151, 1245151, 1245151, 1245151, 1245151, 1245151, 1245151, 1245151, 1245151, 1245151, 1245151, 1245151, 1245151, 1245151, 1245151, 1245151, 1245151, 1245151, 1245151, 1245151, 1245151, 1245151, 1245151, 1245151, 1245151, 1245151, 1245151, 1245151, 1245151, 1245151, 1245151, 1245151, 1245151, 1245151, 1245151, 1245151, 1245151, 1245151, 1245151, 1245151, 1245151, 1245151, 1245151, 1245151, 1245151, 1245151, 1245151, 1245151, 1245151, 1245151, 1245151, 1245151, 1245151, 1245151, 1245151, 1245151, 1245151, 1245151, 1245151, 1245151, 1245151, 1245151, 1245151, 1245151, 1245151, 1245151, 1245151, 1245151, 1245151, 1245151, 1245151, 1245151, 1245151, 1245151, 1245151, 1245151, 1245151, 1245151, 1245151, 1245151, 1245151, 1245151, 1245151, 1245151, 1245151, 1245151, 1245151, 1245151, 1245151, 1245151, 1245151, 1245151, 1245151, 1245151, 1245151, 1245151, 1245151, 1245151, 1245151, 1245151, 1245151, 1245151, 1245151, 1245151, 1245151, 1245151, 1245151, 1245151, 1245151, 1245151, 1245151, 1245151, 1245151, 1245151, 1245151, 1245151, 1245151, 1245151, 1245151, 1245151, 1245151, 1245151, 1245151, 1245151, 1245151, 1245151, 1245151, 1245151, 1245151, 1245151, 1245151, 1245151, 1245151, 1245151, 1245151, 1245151, 1245151, 1245151, 0]
[T] TIME after first HalfGCD: 2748.77774810791  | memory usage: 5.23 GB
[i] Degrees of kernel * F [-1, 622574, 622574, 622574, 622574, 622574, 622574, 622574, 622574, 622574, 622574, 622574, 622574, 622574, 622574, 622574, 622574, 622573, 622573, 622573, 622573, 622573, 622573, 622573, 622573, 622573, 622573, 622573, 622573, 622573, 622573, 622573, 622573, 622573, 622571, 622571, 622571, 622571, 622571, 622571, 622571, 622571, 622571, 622571, 622571, 622571, 622571, 622571, 622571, 622571, 622571, 622567, 622567, 622567, 622567, 622567, 622567, 622567, 622567, 622567, 622567, 622567, 622567, 622567, 622567, 622567, 622567, 622567, 622559, 622559, 622559, 622559, 622559, 622559, 622559, 622559, 622559, 622559, 622559, 622559, 622559, 622559, 622559, 622559, 622559, 622543, 622543, 622543, 622543, 622543, 622543, 622543, 622543, 622543, 622543, 622543, 622543, 622543, 622543, 622543, 622543, 622543, 622511, 622511, 622511, 622511, 622511, 622511, 622511, 622511, 622511, 622511, 622511, 622511, 622511, 622511, 622511, 622511, 622511, 622447, 622447, 622447, 622447, 622447, 622447, 622447, 622447, 622447, 622447, 622447, 622447, 622447, 622447, 622447, 622447, 622447, 622319, 622319, 622319, 622319, 622319, 622319, 622319, 622319, 622319, 622319, 622319, 622319, 622319, 622319, 622319, 622319, 622319, 622063, 622063, 622063, 622063, 622063, 622063, 622063, 622063, 622063, 622063, 622063, 622063, 622063, 622063, 622063, 622063, 622063, 621551, 621551, 621551, 621551, 621551, 621551, 621551, 621551, 621551, 621551, 621551, 621551, 621551, 621551, 621551, 621551, 621551, 620527, 620527, 620527, 620527, 620527, 620527, 620527, 620527, 620527, 620527, 620527, 620527, 620527, 620527, 620527, 620527, 620527, 618479, 618479, 618479, 618479, 618479, 618479, 618479, 618479, 618479, 618479, 618479, 618479, 618479, 618479, 618479, 618479, 618479, 614383, 614383, 614383, 614383, 614383, 614383, 614383, 614383, 614383, 614383, 614383, 614383, 614383, 614383, 614383, 614383, 614383, 606191, 606191, 606191, 606191, 606191, 606191, 606191, 606191, 606191, 606191, 606191, 606191, 606191, 606191, 606191, 606191, 606191, 589807, 589807]
[i] Got univariate poly in p, degree 622575
[T] TIME to get univariate polynomial: 3086.6761317253113  | memory usage: 0.49 GB

[T] TIME pre gcd (x^(2^n)-x mod f): 3642.437445640564  | memory usage: 0.49 GB
gcd polynomial 192888190043776121013845876184760411956*x^2 + 201975149770801741712773702323635727779*x + 210437148588400260342785189196492098215
[T] TIME post gcd: 4023.601897954941  | memory usage: 0.49 GB
found roots:
- 62be9d982fbcbf17fd6d2ec2c7435d32 | 0 / 15 match
- 8133287637ebdcd9e87a1613e443df78 | 15 / 15 match
[T] TIME full attack (main part only): 4023.732384443283  | memory usage: 0.49 GB
[i] Real secret key for comparison: GF128Element(8133287637ebdcd9e87a1613e443df78)
	Command being timed: "sage attack-aim2.py --no-progress-bars -n 128 -l 2 -L 15 --seed=0"
	User time (seconds): 4014.22
	System time (seconds): 15.42
	Percent of CPU this job got: 99%
	Elapsed (wall clock) time (h:mm:ss or m:ss): 1:07:10
	Average shared text size (kbytes): 0
	Average unshared data size (kbytes): 0
	Average stack size (kbytes): 0
	Average total size (kbytes): 0
	Maximum resident set size (kbytes): 5630852
	Average resident set size (kbytes): 0
	Major (requiring I/O) page faults: 0
	Minor (reclaiming a frame) page faults: 10052697
	Voluntary context switches: 147
	Involuntary context switches: 9088
	Swaps: 0
	File system inputs: 0
	File system outputs: 16
	Socket messages sent: 0
	Socket messages received: 0
	Signals delivered: 0
	Page size (bytes): 4096
	Exit status: 0
