single_approximant: len(flat_coeffs) = 277320
single_approximant: d = 22521 / 225216 (10.0 %)
single_approximant: d = 45042 / 225216 (20.0 %)
single_approximant: d = 67563 / 225216 (30.0 %)
single_approximant: d = 90084 / 225216 (40.0 %)
single_approximant: d = 112605 / 225216 (50.0 %)
single_approximant: d = 135126 / 225216 (60.0 %)
single_approximant: d = 157647 / 225216 (70.0 %)
single_approximant: d = 180168 / 225216 (80.0 %)
single_approximant: d = 202689 / 225216 (90.0 %)
single_approximant: d = 225210 / 225216 (100.0 %)
[i] Seed: 0
[i] Secret key: GF192Element(4826867323a7711a8133287637ebdcd9e87a1613e443df78)

Generating (iv, ct) pairs...


[i] AIM/attack parameters:
- n = 192 bits
- ell = 2 branches
- L = 31 IVs
- M = 11 squarings (1 ... 2^(M-1) 2^M)
- W = 385 t-monomials
- Only estimate ? False

[I] Time complexity rough estimate = 2^43.83 field ops

Generating base equations... (using linearized polynomials)

[i] Initial equations: 33
[i] Squared equations: 396
[i] W = t-monomials in equations: 385

Arranging equations...

[i] Full equation matrix F: H=396 x W=385

Computing pivots (p=0)
[i] Rank = #pivots = 385/385   fingerprint 4907dc3237f0f67f
[I] Row-degree sum ξ: experimental = 2^16.78, estimated = 2^17.00
[I] Total nonzero coefficients 278042 <= 2W^2 = 296450 ? True
[I] Time complexity 2^36.83 field ops = 2^29.25 encs  (1/n convention)
[I] Memory complexity : 2^26.39 field elems = 2^30.98 bytes = 1.97 GB
[R1] n=192  ell= 2  L= 31  M= 11  W= 385  ξ=2^ 16.78  Time=2^ 36.83 field ops  Mem=2^ 26.39 field elems
[R2] n=192  ell= 2  L= 31  M= 11  W= 385  ξ=2^ 16.78  Time=2^ 29.25 enc  Mem=2^ 30.98 bytes

[i] Running full attack 2.0 GB needed, 27.9 GB available

[o] Approximant order o = 225216 = 2^17.78
[T] Main attack part, start time measurement  | memory usage: 0.84 GB

[.] Computing pivots of G0 for inversion...
[.] Inversion of base matrix...
[.] Single approximant...
[T] TIME after single approximant: 1399.6118607521057  | memory usage: 3.47 GB

[i] Kernel len = 385 degrees = [225215, 225215, 225215, 225215, 225215, 225215, 225215, 225215, 225215, 225215, 225215, 225215, 225215, 225215, 225215, 225215, 225215, 225215, 225215, 225215, 225215, 225215, 225215, 225215, 225215, 225215, 225215, 225215, 225215, 225215, 225215, 225215, 225215, 225215, 225215, 225215, 225215, 225215, 225215, 225215, 225215, 225215, 225215, 225215, 225215, 225215, 225215, 225215, 225215, 225215, 225215, 225215, 225215, 225215, 225215, 225215, 225215, 225215, 225215, 225215, 225215, 225215, 225215, 225215, 225215, 225215, 225215, 225215, 225215, 225215, 225215, 225215, 225215, 225215, 225215, 225215, 225215, 225215, 225215, 225215, 225215, 225215, 225215, 225215, 225215, 225215, 225215, 225215, 225215, 225215, 225215, 225215, 225215, 225215, 225215, 225215, 225215, 225215, 225215, 225215, 225215, 225215, 225215, 225215, 225215, 225215, 225215, 225215, 225215, 225215, 225215, 225215, 225215, 225215, 225215, 225215, 225215, 225215, 225215, 225215, 225215, 225215, 225215, 225215, 225215, 225215, 225215, 225215, 225215, 225215, 225215, 225215, 225215, 225215, 225215, 225215, 225215, 225215, 225215, 225215, 225215, 225215, 225215, 225215, 225215, 225215, 225215, 225215, 225215, 225215, 225215, 225215, 225215, 225215, 225215, 225215, 225215, 225215, 225215, 225215, 225215, 225215, 225215, 225215, 225215, 225215, 225215, 225215, 225215, 225215, 225215, 225215, 225215, 225215, 225215, 225215, 225215, 225215, 225215, 225215, 225215, 225215, 225215, 225215, 225215, 225215, 225215, 225215, 225215, 225215, 225215, 225215, 225215, 225215, 225215, 225215, 225215, 225215, 225215, 225215, 225215, 225215, 225215, 225215, 225215, 225215, 225215, 225215, 225215, 225215, 225215, 225215, 225215, 225215, 225215, 225215, 225215, 225215, 225215, 225215, 225215, 225215, 225215, 225215, 225215, 225215, 225215, 225215, 225215, 225215, 225215, 225215, 225215, 225215, 225215, 225215, 225215, 225215, 225215, 225215, 225215, 225215, 225215, 225215, 225215, 225215, 225215, 225215, 225215, 225215, 225215, 225215, 225215, 225215, 225215, 225215, 225215, 225215, 225215, 225215, 225215, 225215, 225215, 225215, 225215, 225215, 225215, 225215, 225215, 225215, 225215, 225215, 225215, 225215, 225215, 225215, 225215, 225215, 225215, 225215, 225215, 225215, 225215, 225215, 225215, 225215, 225215, 225215, 225215, 225215, 225215, 225215, 225215, 225215, 225215, 225215, 225215, 225215, 225215, 225215, 225215, 225215, 225215, 225215, 225215, 225215, 225215, 225215, 225215, 225215, 225215, 225215, 225215, 225215, 225215, 225215, 225215, 225215, 225215, 225215, 225215, 225215, 225215, 225215, 225215, 225215, 225215, 225215, 225215, 225215, 225215, 225215, 225215, 225215, 225215, 225215, 225215, 225215, 225215, 225215, 225215, 225215, 225215, 225215, 225215, 225215, 225215, 225215, 225215, 225215, 225215, 225215, 225215, 225215, 225215, 225215, 225215, 225215, 225215, 225215, 225215, 225215, 225215, 225215, 225215, 225215, 225215, 225215, 225215, 225215, 225215, 225215, 225215, 225215, 225215, 225215, 225215, 225215, 225215, 225215, 225215, 225215, 225215, 225215, 0]
[T] TIME after first HalfGCD: 1422.2284820079803  | memory usage: 3.49 GB
[i] Degrees of kernel * F [-1, 112606, 112606, 112606, 112606, 112606, 112606, 112606, 112606, 112606, 112606, 112606, 112606, 112606, 112606, 112606, 112606, 112606, 112606, 112606, 112606, 112606, 112606, 112606, 112606, 112606, 112606, 112606, 112606, 112606, 112606, 112606, 112606, 112605, 112605, 112605, 112605, 112605, 112605, 112605, 112605, 112605, 112605, 112605, 112605, 112605, 112605, 112605, 112605, 112605, 112605, 112605, 112605, 112605, 112605, 112605, 112605, 112605, 112605, 112605, 112605, 112605, 112605, 112605, 112605, 112605, 112603, 112603, 112603, 112603, 112603, 112603, 112603, 112603, 112603, 112603, 112603, 112603, 112603, 112603, 112603, 112603, 112603, 112603, 112603, 112603, 112603, 112603, 112603, 112603, 112603, 112603, 112603, 112603, 112603, 112603, 112603, 112603, 112603, 112599, 112599, 112599, 112599, 112599, 112599, 112599, 112599, 112599, 112599, 112599, 112599, 112599, 112599, 112599, 112599, 112599, 112599, 112599, 112599, 112599, 112599, 112599, 112599, 112599, 112599, 112599, 112599, 112599, 112599, 112599, 112599, 112599, 112591, 112591, 112591, 112591, 112591, 112591, 112591, 112591, 112591, 112591, 112591, 112591, 112591, 112591, 112591, 112591, 112591, 112591, 112591, 112591, 112591, 112591, 112591, 112591, 112591, 112591, 112591, 112591, 112591, 112591, 112591, 112591, 112591, 112575, 112575, 112575, 112575, 112575, 112575, 112575, 112575, 112575, 112575, 112575, 112575, 112575, 112575, 112575, 112575, 112575, 112575, 112575, 112575, 112575, 112575, 112575, 112575, 112575, 112575, 112575, 112575, 112575, 112575, 112575, 112575, 112575, 112543, 112543, 112543, 112543, 112543, 112543, 112543, 112543, 112543, 112543, 112543, 112543, 112543, 112543, 112543, 112543, 112543, 112543, 112543, 112543, 112543, 112543, 112543, 112543, 112543, 112543, 112543, 112543, 112543, 112543, 112543, 112543, 112543, 112479, 112479, 112479, 112479, 112479, 112479, 112479, 112479, 112479, 112479, 112479, 112479, 112479, 112479, 112479, 112479, 112479, 112479, 112479, 112479, 112479, 112479, 112479, 112479, 112479, 112479, 112479, 112479, 112479, 112479, 112479, 112479, 112479, 112351, 112351, 112351, 112351, 112351, 112351, 112351, 112351, 112351, 112351, 112351, 112351, 112351, 112351, 112351, 112351, 112351, 112351, 112351, 112351, 112351, 112351, 112351, 112351, 112351, 112351, 112351, 112351, 112351, 112351, 112351, 112351, 112351, 112095, 112095, 112095, 112095, 112095, 112095, 112095, 112095, 112095, 112095, 112095, 112095, 112095, 112095, 112095, 112095, 112095, 112095, 112095, 112095, 112095, 112095, 112095, 112095, 112095, 112095, 112095, 112095, 112095, 112095, 112095, 112095, 112095, 111583, 111583, 111583, 111583, 111583, 111583, 111583, 111583, 111583, 111583, 111583, 111583, 111583, 111583, 111583, 111583, 111583, 111583, 111583, 111583, 111583, 111583, 111583, 111583, 111583, 111583, 111583, 111583, 111583, 111583, 111583, 111583, 111583, 110559, 110559, 110559, 110559, 110559, 110559, 110559, 110559, 110559, 110559, 110559, 110559, 110559, 110559, 110559, 110559, 110559, 110559, 110559, 110559, 110559, 110559]
[i] Got univariate poly in p, degree 112607
[T] TIME to get univariate polynomial: 1585.681072473526  | memory usage: 0.89 GB

[T] TIME pre gcd (x^(2^n)-x mod f): 2930.9746417999268  | memory usage: 0.90 GB
gcd polynomial 5078493952106425087252050018343752077065051482925128049067*x + 2180209692172040070457092655166209223809946523649994153325
[T] TIME post gcd: 2976.9126703739166  | memory usage: 0.92 GB
found roots:
- 4826867323a7711a8133287637ebdcd9e87a1613e443df78 | 31 / 31 match
[T] TIME full attack (main part only): 2977.2147109508514  | memory usage: 0.92 GB
[i] Real secret key for comparison: GF192Element(4826867323a7711a8133287637ebdcd9e87a1613e443df78)
	Command being timed: "sage attack-aim2.py --no-progress-bars -n 192 -l 2 -L 31 --seed=0"
	User time (seconds): 2982.02
	System time (seconds): 4.31
	Percent of CPU this job got: 99%
	Elapsed (wall clock) time (h:mm:ss or m:ss): 49:51.01
	Average shared text size (kbytes): 0
	Average unshared data size (kbytes): 0
	Average stack size (kbytes): 0
	Average total size (kbytes): 0
	Maximum resident set size (kbytes): 3690524
	Average resident set size (kbytes): 0
	Major (requiring I/O) page faults: 0
	Minor (reclaiming a frame) page faults: 2833689
	Voluntary context switches: 156
	Involuntary context switches: 70104
	Swaps: 0
	File system inputs: 0
	File system outputs: 16
	Socket messages sent: 0
	Socket messages received: 0
	Signals delivered: 0
	Page size (bytes): 4096
	Exit status: 0
