[i] Seed: 0
[i] Secret key: GF192Element(a0116be5ab0c1681c8f8e3d0d3290a4cb5d32b1666194cb1)

Generating (iv, ct) pairs...


[i] AIM/attack parameters:
- n = 192 bits
- ell = 7 branches
- L = 1 IVs
- M = 168 squarings (1 ... 2^(M-1) 2^M)
- W = 1345 t-monomials
- Only estimate ? True

[I] Time complexity rough estimate = 2^198.15 field ops

Generating base equations... (using linearized polynomials)

[i] Initial equations: 8
[i] Squared equations: 1352
[i] W = t-monomials in equations: 1345

Arranging equations...

[i] Full equation matrix F: H=1352 x W=1345

Computing pivots (p=0)
[i] Rank = #pivots = 1345/1345   fingerprint 236ebfe98330a23a
[I] Row-degree sum ξ: experimental = 2^171.17, estimated = 2^171.99
[I] Total nonzero coefficients 455451 <= 2W^2 = 3618050 ? True
[I] Time complexity 2^197.85 field ops = 2^190.27 encs  (1/n convention)
[I] Memory complexity : 2^182.56 field elems = 2^187.15 bytes = 202462890471159894846217402267806312022419701760.00 GB
[R1] n=192  ell= 7  L=  1  M=168  W=1345  ξ=2^171.17  Time=2^197.85 field ops  Mem=2^182.56 field elems
[R2] n=192  ell= 7  L=  1  M=168  W=1345  ξ=2^171.17  Time=2^190.27 enc  Mem=2^187.15 bytes

[W] not running full attack 202462890471159894846217402267806312022419701760.0 GB needed, 26.7 GB available
[i] Real secret key for comparison: GF192Element(a0116be5ab0c1681c8f8e3d0d3290a4cb5d32b1666194cb1)
	Command being timed: "sage attack-aim2.py --no-progress-bars -n 192 -l 7 -L 1 --seed=0 --only-estimate"
	User time (seconds): 30.09
	System time (seconds): 0.37
	Percent of CPU this job got: 99%
	Elapsed (wall clock) time (h:mm:ss or m:ss): 0:30.49
	Average shared text size (kbytes): 0
	Average unshared data size (kbytes): 0
	Average stack size (kbytes): 0
	Average total size (kbytes): 0
	Maximum resident set size (kbytes): 646164
	Average resident set size (kbytes): 0
	Major (requiring I/O) page faults: 0
	Minor (reclaiming a frame) page faults: 157562
	Voluntary context switches: 148
	Involuntary context switches: 477
	Swaps: 0
	File system inputs: 0
	File system outputs: 16
	Socket messages sent: 0
	Socket messages received: 0
	Signals delivered: 0
	Page size (bytes): 4096
	Exit status: 0
