[i] Seed: 0
[i] Secret key: GF192Element(4826867323a7711a8133287637ebdcd9e87a1613e443df78)

Generating (iv, ct) pairs...


[i] AIM/attack parameters:
- n = 192 bits
- ell = 2 branches
- L = 1 IVs
- M = 128 squarings (1 ... 2^(M-1) 2^M)
- W = 385 t-monomials
- Only estimate ? True

[I] Time complexity rough estimate = 2^156.73 field ops

Generating base equations... (using linearized polynomials)

[i] Initial equations: 3
[i] Squared equations: 387
[i] W = t-monomials in equations: 385

Arranging equations...

[i] Full equation matrix F: H=387 x W=385

Computing pivots (p=0)
[i] Rank = #pivots = 385/385   fingerprint 7af58a229535128c
[I] Row-degree sum ξ: experimental = 2^130.00, estimated = 2^130.58
[I] Total nonzero coefficients 99331 <= 2W^2 = 296450 ? True
[I] Time complexity 2^155.04 field ops = 2^147.46 encs  (1/n convention)
[I] Memory complexity : 2^139.59 field elems = 2^144.17 bytes = 23426183092217679339659075235348480.00 GB
[R1] n=192  ell= 2  L=  1  M=128  W= 385  ξ=2^130.00  Time=2^155.04 field ops  Mem=2^139.59 field elems
[R2] n=192  ell= 2  L=  1  M=128  W= 385  ξ=2^130.00  Time=2^147.46 enc  Mem=2^144.17 bytes

[W] not running full attack 23426183092217679339659075235348480.0 GB needed, 27.1 GB available
[i] Real secret key for comparison: GF192Element(4826867323a7711a8133287637ebdcd9e87a1613e443df78)
	Command being timed: "sage attack-aim2.py --no-progress-bars -n 192 -l 2 -L 1 --seed=0 --only-estimate"
	User time (seconds): 3.28
	System time (seconds): 0.17
	Percent of CPU this job got: 99%
	Elapsed (wall clock) time (h:mm:ss or m:ss): 0:03.47
	Average shared text size (kbytes): 0
	Average unshared data size (kbytes): 0
	Average stack size (kbytes): 0
	Average total size (kbytes): 0
	Maximum resident set size (kbytes): 281152
	Average resident set size (kbytes): 0
	Major (requiring I/O) page faults: 0
	Minor (reclaiming a frame) page faults: 61294
	Voluntary context switches: 157
	Involuntary context switches: 68
	Swaps: 0
	File system inputs: 0
	File system outputs: 16
	Socket messages sent: 0
	Socket messages received: 0
	Signals delivered: 0
	Page size (bytes): 4096
	Exit status: 0
