[i] Seed: 0
[i] Secret key: GF192Element(ea7e9d498c778ea6eb2083e6ce164dba0ff18e0242af9fc3)

Generating (iv, ct) pairs...


[i] AIM/attack parameters:
- n = 192 bits
- ell = 6 branches
- L = 1 IVs
- M = 164 squarings (1 ... 2^(M-1) 2^M)
- W = 1153 t-monomials
- Only estimate ? True

[I] Time complexity rough estimate = 2^194.53 field ops

Generating base equations... (using linearized polynomials)

[i] Initial equations: 7
[i] Squared equations: 1155
[i] W = t-monomials in equations: 1153

Arranging equations...

[i] Full equation matrix F: H=1155 x W=1153

Computing pivots (p=0)
[i] Rank = #pivots = 1153/1153   fingerprint 1704b9a2a9af427c
[I] Row-degree sum ξ: experimental = 2^167.58, estimated = 2^167.80
[I] Total nonzero coefficients 381151 <= 2W^2 = 2658818 ? True
[I] Time complexity 2^194.09 field ops = 2^186.51 encs  (1/n convention)
[I] Memory complexity : 2^178.76 field elems = 2^183.34 bytes = 14463427057822017271232259282204502959222423552.00 GB
[R1] n=192  ell= 6  L=  1  M=164  W=1153  ξ=2^167.58  Time=2^194.09 field ops  Mem=2^178.76 field elems
[R2] n=192  ell= 6  L=  1  M=164  W=1153  ξ=2^167.58  Time=2^186.51 enc  Mem=2^183.34 bytes

[W] not running full attack 14463427057822017271232259282204502959222423552.0 GB needed, 26.6 GB available
[i] Real secret key for comparison: GF192Element(ea7e9d498c778ea6eb2083e6ce164dba0ff18e0242af9fc3)
	Command being timed: "sage attack-aim2.py --no-progress-bars -n 192 -l 6 -L 1 --seed=0 --only-estimate"
	User time (seconds): 22.03
	System time (seconds): 0.33
	Percent of CPU this job got: 99%
	Elapsed (wall clock) time (h:mm:ss or m:ss): 0:22.39
	Average shared text size (kbytes): 0
	Average unshared data size (kbytes): 0
	Average stack size (kbytes): 0
	Average total size (kbytes): 0
	Maximum resident set size (kbytes): 542212
	Average resident set size (kbytes): 0
	Major (requiring I/O) page faults: 0
	Minor (reclaiming a frame) page faults: 130160
	Voluntary context switches: 155
	Involuntary context switches: 301
	Swaps: 0
	File system inputs: 0
	File system outputs: 16
	Socket messages sent: 0
	Socket messages received: 0
	Signals delivered: 0
	Page size (bytes): 4096
	Exit status: 0
