[i] Seed: 0
[i] Secret key: GF192Element(4826867323a7711a8133287637ebdcd9e87a1613e443df78)

Generating (iv, ct) pairs...


[i] AIM/attack parameters:
- n = 192 bits
- ell = 2 branches
- L = 2 IVs
- M = 96 squarings (1 ... 2^(M-1) 2^M)
- W = 385 t-monomials
- Only estimate ? True

[I] Time complexity rough estimate = 2^125.15 field ops

Generating base equations... (using linearized polynomials)

[i] Initial equations: 4
[i] Squared equations: 388
[i] W = t-monomials in equations: 385

Arranging equations...

[i] Full equation matrix F: H=388 x W=385

Computing pivots (p=0)
[i] Rank = #pivots = 385/385   fingerprint 2332bdce4437779c
[I] Row-degree sum ξ: experimental = 2^98.32, estimated = 2^98.99
[I] Total nonzero coefficients 148419 <= 2W^2 = 296450 ? True
[I] Time complexity 2^122.32 field ops = 2^114.74 encs  (1/n convention)
[I] Memory complexity : 2^107.91 field elems = 2^112.50 bytes = 6817916609643050277273600.00 GB
[R1] n=192  ell= 2  L=  2  M= 96  W= 385  ξ=2^ 98.32  Time=2^122.32 field ops  Mem=2^107.91 field elems
[R2] n=192  ell= 2  L=  2  M= 96  W= 385  ξ=2^ 98.32  Time=2^114.74 enc  Mem=2^112.50 bytes

[W] not running full attack 6817916609643050277273600.0 GB needed, 27.0 GB available
[i] Real secret key for comparison: GF192Element(4826867323a7711a8133287637ebdcd9e87a1613e443df78)
	Command being timed: "sage attack-aim2.py --no-progress-bars -n 192 -l 2 -L 2 --seed=0 --only-estimate"
	User time (seconds): 4.48
	System time (seconds): 0.16
	Percent of CPU this job got: 99%
	Elapsed (wall clock) time (h:mm:ss or m:ss): 0:04.66
	Average shared text size (kbytes): 0
	Average unshared data size (kbytes): 0
	Average stack size (kbytes): 0
	Average total size (kbytes): 0
	Maximum resident set size (kbytes): 294356
	Average resident set size (kbytes): 0
	Major (requiring I/O) page faults: 0
	Minor (reclaiming a frame) page faults: 64686
	Voluntary context switches: 149
	Involuntary context switches: 93
	Swaps: 0
	File system inputs: 0
	File system outputs: 16
	Socket messages sent: 0
	Socket messages received: 0
	Signals delivered: 0
	Page size (bytes): 4096
	Exit status: 0
