[i] Seed: 0
[i] Secret key: GF192Element(e6f4590b9a164106cf6a659eb4862b21fb97d43588561712)

Generating (iv, ct) pairs...


[i] AIM/attack parameters:
- n = 192 bits
- ell = 5 branches
- L = 1 IVs
- M = 160 squarings (1 ... 2^(M-1) 2^M)
- W = 961 t-monomials
- Only estimate ? True

[I] Time complexity rough estimate = 2^189.73 field ops

Generating base equations... (using linearized polynomials)

[i] Initial equations: 6
[i] Squared equations: 966
[i] W = t-monomials in equations: 961

Arranging equations...

[i] Full equation matrix F: H=966 x W=961

Computing pivots (p=0)
[i] Rank = #pivots = 961/961   fingerprint 5d4bc4c8ee68d523
[I] Row-degree sum ξ: experimental = 2^162.81, estimated = 2^163.58
[I] Total nonzero coefficients 309923 <= 2W^2 = 1847042 ? True
[I] Time complexity 2^189.10 field ops = 2^181.51 encs  (1/n convention)
[I] Memory complexity : 2^173.72 field elems = 2^178.30 bytes = 439503260597213384393879228965152913625186304.00 GB
[R1] n=192  ell= 5  L=  1  M=160  W= 961  ξ=2^162.81  Time=2^189.10 field ops  Mem=2^173.72 field elems
[R2] n=192  ell= 5  L=  1  M=160  W= 961  ξ=2^162.81  Time=2^181.51 enc  Mem=2^178.30 bytes

[W] not running full attack 439503260597213384393879228965152913625186304.0 GB needed, 27.0 GB available
[i] Real secret key for comparison: GF192Element(e6f4590b9a164106cf6a659eb4862b21fb97d43588561712)
	Command being timed: "sage attack-aim2.py --no-progress-bars -n 192 -l 5 -L 1 --seed=0 --only-estimate"
	User time (seconds): 14.08
	System time (seconds): 0.28
	Percent of CPU this job got: 99%
	Elapsed (wall clock) time (h:mm:ss or m:ss): 0:14.38
	Average shared text size (kbytes): 0
	Average unshared data size (kbytes): 0
	Average stack size (kbytes): 0
	Average total size (kbytes): 0
	Maximum resident set size (kbytes): 456908
	Average resident set size (kbytes): 0
	Major (requiring I/O) page faults: 0
	Minor (reclaiming a frame) page faults: 107682
	Voluntary context switches: 154
	Involuntary context switches: 348
	Swaps: 0
	File system inputs: 0
	File system outputs: 16
	Socket messages sent: 0
	Socket messages received: 0
	Signals delivered: 0
	Page size (bytes): 4096
	Exit status: 0
