[i] Seed: 0
[i] Secret key: GF256Element(85776e9add84f39e71545a137a1d50068d723104f77383c13458a748e9bb17bc)

Generating (iv, ct) pairs...


[i] AIM/attack parameters:
- n = 256 bits
- ell = 3 branches
- L = 2 IVs
- M = 153 squarings (1 ... 2^(M-1) 2^M)
- W = 769 t-monomials
- Only estimate ? True

[I] Time complexity rough estimate = 2^184.31 field ops

Generating base equations... (using linearized polynomials)

[i] Initial equations: 5
[i] Squared equations: 770
[i] W = t-monomials in equations: 769

Arranging equations...

[i] Full equation matrix F: H=770 x W=769

Computing pivots (p=0)
[i] Rank = #pivots = 769/769   fingerprint 64bf7548609254e6
[I] Row-degree sum ξ: experimental = 2^156.17, estimated = 2^156.32
[I] Total nonzero coefficients 473552 <= 2W^2 = 1182722 ? True
[I] Time complexity 2^182.23 field ops = 2^174.23 encs  (1/n convention)
[I] Memory complexity : 2^166.76 field elems = 2^171.76 bytes = 4710188522919630211260031316070535582973952.00 GB
[R1] n=256  ell= 3  L=  2  M=153  W= 769  ξ=2^156.17  Time=2^182.23 field ops  Mem=2^166.76 field elems
[R2] n=256  ell= 3  L=  2  M=153  W= 769  ξ=2^156.17  Time=2^174.23 enc  Mem=2^171.76 bytes

[W] not running full attack 4710188522919630211260031316070535582973952.0 GB needed, 26.9 GB available
[i] Real secret key for comparison: GF256Element(85776e9add84f39e71545a137a1d50068d723104f77383c13458a748e9bb17bc)
	Command being timed: "sage attack-aim2.py --no-progress-bars -n 256 -l 3 -L 2 --seed=0 --only-estimate"
	User time (seconds): 15.53
	System time (seconds): 0.28
	Percent of CPU this job got: 99%
	Elapsed (wall clock) time (h:mm:ss or m:ss): 0:15.82
	Average shared text size (kbytes): 0
	Average unshared data size (kbytes): 0
	Average stack size (kbytes): 0
	Average total size (kbytes): 0
	Maximum resident set size (kbytes): 461804
	Average resident set size (kbytes): 0
	Major (requiring I/O) page faults: 0
	Minor (reclaiming a frame) page faults: 109089
	Voluntary context switches: 156
	Involuntary context switches: 252
	Swaps: 0
	File system inputs: 0
	File system outputs: 16
	Socket messages sent: 0
	Socket messages received: 0
	Signals delivered: 0
	Page size (bytes): 4096
	Exit status: 0
