single_approximant: len(flat_coeffs) = 1171986
single_approximant: d = 230 / 2308 (10.0 %)
single_approximant: d = 460 / 2308 (19.9 %)
single_approximant: d = 690 / 2308 (29.9 %)
single_approximant: d = 920 / 2308 (39.9 %)
single_approximant: d = 1150 / 2308 (49.8 %)
single_approximant: d = 1380 / 2308 (59.8 %)
single_approximant: d = 1610 / 2308 (69.8 %)
single_approximant: d = 1840 / 2308 (79.7 %)
single_approximant: d = 2070 / 2308 (89.7 %)
single_approximant: d = 2300 / 2308 (99.7 %)
[i] Seed: 0
[i] Secret key: GF256Element(85776e9add84f39e71545a137a1d50068d723104f77383c13458a748e9bb17bc)

Generating (iv, ct) pairs...


[i] AIM/attack parameters:
- n = 256 bits
- ell = 3 branches
- L = 382 IVs
- M = 1 squarings (1 ... 2^(M-1) 2^M)
- W = 769 t-monomials
- Only estimate ? False

[I] Time complexity rough estimate = 2^38.98 field ops

Generating base equations... (using linearized polynomials)

[i] Initial equations: 385
[i] Squared equations: 770
[i] W = t-monomials in equations: 769

Arranging equations...

[i] Full equation matrix F: H=770 x W=769

Computing pivots (p=0)
[i] Rank = #pivots = 769/769   fingerprint 7dab92a306e29639
[I] Row-degree sum ξ: experimental = 2^10.17, estimated = 2^10.59
[I] Total nonzero coefficients 1173512 <= 2W^2 = 1182722 ? True
[I] Time complexity 2^31.97 field ops = 2^23.97 encs  (1/n convention)
[I] Memory complexity : 2^22.87 field elems = 2^27.87 bytes = 0.23 GB
[R1] n=256  ell= 3  L=382  M=  1  W= 769  ξ=2^ 10.17  Time=2^ 31.97 field ops  Mem=2^ 22.87 field elems
[R2] n=256  ell= 3  L=382  M=  1  W= 769  ξ=2^ 10.17  Time=2^ 23.97 enc  Mem=2^ 27.87 bytes

[i] Running full attack 0.2 GB needed, 26.9 GB available

[o] Approximant order o = 2308 = 2^11.17
[i] FAFFT max degree 2^13
[T] Main attack part, start time measurement  | memory usage: 0.53 GB

[.] Computing pivots of G0 for inversion...
[.] Inversion of base matrix...
[.] Single approximant...
[T] TIME after single approximant: 91.58822751045227  | memory usage: 0.76 GB

[i] Kernel len = 769 degrees = [2307, 2307, 2307, 2307, 2307, 2307, 2307, 2307, 2307, 2307, 2307, 2307, 2307, 2307, 2307, 2307, 2307, 2307, 2307, 2307, 2307, 2307, 2307, 2307, 2307, 2307, 2307, 2307, 2307, 2307, 2307, 2307, 2307, 2307, 2307, 2307, 2307, 2307, 2307, 2307, 2307, 2307, 2307, 2307, 2307, 2307, 2307, 2307, 2307, 2307, 2307, 2307, 2307, 2307, 2307, 2307, 2307, 2307, 2307, 2307, 2307, 2307, 2307, 2307, 2307, 2307, 2307, 2307, 2307, 2307, 2307, 2307, 2307, 2307, 2307, 2307, 2307, 2307, 2307, 2307, 2307, 2307, 2307, 2307, 2307, 2307, 2307, 2307, 2307, 2307, 2307, 2307, 2307, 2307, 2307, 2307, 2307, 2307, 2307, 2307, 2307, 2307, 2307, 2307, 2307, 2307, 2307, 2307, 2307, 2307, 2307, 2307, 2307, 2307, 2307, 2307, 2307, 2307, 2307, 2307, 2307, 2307, 2307, 2307, 2307, 2307, 2307, 2307, 2307, 2307, 2307, 2307, 2307, 2307, 2307, 2307, 2307, 2307, 2307, 2307, 2307, 2307, 2307, 2307, 2307, 2307, 2307, 2307, 2307, 2307, 2307, 2307, 2307, 2307, 2307, 2307, 2307, 2307, 2307, 2307, 2307, 2307, 2307, 2307, 2307, 2307, 2307, 2307, 2307, 2307, 2307, 2307, 2307, 2307, 2307, 2307, 2307, 2307, 2307, 2307, 2307, 2307, 2307, 2307, 2307, 2307, 2307, 2307, 2307, 2307, 2307, 2307, 2307, 2307, 2307, 2307, 2307, 2307, 2307, 2307, 2307, 2307, 2307, 2307, 2307, 2307, 2307, 2307, 2307, 2307, 2307, 2307, 2307, 2307, 2307, 2307, 2307, 2307, 2307, 2307, 2307, 2307, 2307, 2307, 2307, 2307, 2307, 2307, 2307, 2307, 2307, 2307, 2307, 2307, 2307, 2307, 2307, 2307, 2307, 2307, 2307, 2307, 2307, 2307, 2307, 2307, 2307, 2307, 2307, 2307, 2307, 2307, 2307, 2307, 2307, 2307, 2307, 2307, 2307, 2307, 2307, 2307, 2307, 2307, 2307, 2307, 2307, 2307, 2307, 2307, 2307, 2307, 2307, 2307, 2307, 2307, 2307, 2307, 2307, 2307, 2307, 2307, 2307, 2307, 2307, 2307, 2307, 2307, 2307, 2307, 2307, 2307, 2307, 2307, 2307, 2307, 2307, 2307, 2307, 2307, 2307, 2307, 2307, 2307, 2307, 2307, 2307, 2307, 2307, 2307, 2307, 2307, 2307, 2307, 2307, 2307, 2307, 2307, 2307, 2307, 2307, 2307, 2307, 2307, 2307, 2307, 2307, 2307, 2307, 2307, 2307, 2307, 2307, 2307, 2307, 2307, 2307, 2307, 2307, 2307, 2307, 2307, 2307, 2307, 2307, 2307, 2307, 2307, 2307, 2307, 2307, 2307, 2307, 2307, 2307, 2307, 2307, 2307, 2307, 2307, 2307, 2307, 2307, 2307, 2307, 2307, 2307, 2307, 2307, 2307, 2307, 2307, 2307, 2307, 2307, 2307, 2307, 2307, 2307, 2307, 2307, 2307, 2307, 2307, 2307, 2307, 2307, 2307, 2307, 2307, 2307, 2307, 2307, 2307, 2307, 2307, 2307, 2307, 2307, 2307, 2307, 2307, 2307, 2307, 2307, 2307, 2307, 2307, 2307, 2307, 2307, 2307, 2307, 2307, 2307, 2307, 2307, 2307, 2307, 2307, 2307, 2307, 2307, 2307, 2307, 2307, 2307, 2307, 2307, 2307, 2307, 2307, 2307, 2307, 2307, 2307, 2307, 2307, 2307, 2307, 2307, 2307, 2307, 2307, 2307, 2307, 2307, 2307, 2307, 2307, 2307, 2307, 2307, 2307, 2307, 2307, 2307, 2307, 2307, 2307, 2307, 2307, 2307, 2307, 2307, 2307, 2307, 2307, 2307, 2307, 2307, 2307, 2307, 2307, 2307, 2307, 2307, 2307, 2307, 2307, 2307, 2307, 2307, 2307, 2307, 2307, 2307, 2307, 2307, 2307, 2307, 2307, 2307, 2307, 2307, 2307, 2307, 2307, 2307, 2307, 2307, 2307, 2307, 2307, 2307, 2307, 2307, 2307, 2307, 2307, 2307, 2307, 2307, 2307, 2307, 2307, 2307, 2307, 2307, 2307, 2307, 2307, 2307, 2307, 2307, 2307, 2307, 2307, 2307, 2307, 2307, 2307, 2307, 2307, 2307, 2307, 2307, 2307, 2307, 2307, 2307, 2307, 2307, 2307, 2307, 2307, 2307, 2307, 2307, 2307, 2307, 2307, 2307, 2307, 2307, 2307, 2307, 2307, 2307, 2307, 2307, 2307, 2307, 2307, 2307, 2307, 2307, 2307, 2307, 2307, 2307, 2307, 2307, 2307, 2307, 2307, 2307, 2307, 2307, 2307, 2307, 2307, 2307, 2307, 2307, 2307, 2307, 2307, 2307, 2307, 2307, 2307, 2307, 2307, 2307, 2307, 2307, 2307, 2307, 2307, 2307, 2307, 2307, 2307, 2307, 2307, 2307, 2307, 2307, 2307, 2307, 2307, 2307, 2307, 2307, 2307, 2307, 2307, 2307, 2307, 2307, 2307, 2307, 2307, 2307, 2307, 2307, 2307, 2307, 2307, 2307, 2307, 2307, 2307, 2307, 2307, 2307, 2307, 2307, 2307, 2307, 2307, 2307, 2307, 2307, 2307, 2307, 2307, 2307, 2307, 2307, 2307, 2307, 2307, 2307, 2307, 2307, 2307, 2307, 2307, 2307, 2307, 2307, 2307, 2307, 2307, 2307, 2307, 2307, 2307, 2307, 2307, 2307, 2307, 2307, 2307, 2307, 2307, 2307, 2307, 2307, 2307, 2307, 2307, 2307, 2307, 2307, 2307, 2307, 2307, 2307, 2307, 2307, 2307, 2307, 2307, 2307, 2307, 2307, 2307, 2307, 2307, 2307, 2307, 2307, 2307, 2307, 2307, 2307, 2307, 2307, 2307, 2307, 2307, 2307, 2307, 2307, 2307, 2307, 2307, 2307, 2307, 2307, 2307, 2307, 2307, 2307, 2307, 2307, 2307, 2307, 2307, 2307, 2307, 2307, 2307, 2307, 2307, 2307, 2307, 2307, 2307, 2307, 2307, 2307, 2307, 2307, 2307, 2307, 2307, 2307, 2307, 2307, 2307, 2307, 2307, 2307, 2307, 2307, 2307, 2307, 2307, 2307, 2307, 2307, 2307, 2307, 2307, 0]
[T] TIME after first HalfGCD: 91.7939453125  | memory usage: 0.76 GB
[i] Degrees of kernel * F [-1, 1152, 1152, 1152, 1152, 1152, 1152, 1152, 1152, 1152, 1152, 1152, 1152, 1152, 1152, 1152, 1152, 1152, 1152, 1152, 1152, 1152, 1152, 1152, 1152, 1152, 1152, 1152, 1152, 1152, 1152, 1152, 1152, 1152, 1152, 1152, 1152, 1152, 1152, 1152, 1152, 1152, 1152, 1152, 1152, 1152, 1152, 1152, 1152, 1152, 1152, 1152, 1152, 1152, 1152, 1152, 1152, 1152, 1152, 1152, 1152, 1152, 1152, 1152, 1152, 1152, 1152, 1152, 1152, 1152, 1152, 1152, 1152, 1152, 1152, 1152, 1152, 1152, 1152, 1152, 1152, 1152, 1152, 1152, 1152, 1152, 1152, 1152, 1152, 1152, 1152, 1152, 1152, 1152, 1152, 1152, 1152, 1152, 1152, 1152, 1152, 1152, 1152, 1152, 1152, 1152, 1152, 1152, 1152, 1152, 1152, 1152, 1152, 1152, 1152, 1152, 1152, 1152, 1152, 1152, 1152, 1152, 1152, 1152, 1152, 1152, 1152, 1152, 1152, 1152, 1152, 1152, 1152, 1152, 1152, 1152, 1152, 1152, 1152, 1152, 1152, 1152, 1152, 1152, 1152, 1152, 1152, 1152, 1152, 1152, 1152, 1152, 1152, 1152, 1152, 1152, 1152, 1152, 1152, 1152, 1152, 1152, 1152, 1152, 1152, 1152, 1152, 1152, 1152, 1152, 1152, 1152, 1152, 1152, 1152, 1152, 1152, 1152, 1152, 1152, 1152, 1152, 1152, 1152, 1152, 1152, 1152, 1152, 1152, 1152, 1152, 1152, 1152, 1152, 1152, 1152, 1152, 1152, 1152, 1152, 1152, 1152, 1152, 1152, 1152, 1152, 1152, 1152, 1152, 1152, 1152, 1152, 1152, 1152, 1152, 1152, 1152, 1152, 1152, 1152, 1152, 1152, 1152, 1152, 1152, 1152, 1152, 1152, 1152, 1152, 1152, 1152, 1152, 1152, 1152, 1152, 1152, 1152, 1152, 1152, 1152, 1152, 1152, 1152, 1152, 1152, 1152, 1152, 1152, 1152, 1152, 1152, 1152, 1152, 1152, 1152, 1152, 1152, 1152, 1152, 1152, 1152, 1152, 1152, 1152, 1152, 1152, 1152, 1152, 1152, 1152, 1152, 1152, 1152, 1152, 1152, 1152, 1152, 1152, 1152, 1152, 1152, 1152, 1152, 1152, 1152, 1152, 1152, 1152, 1152, 1152, 1152, 1152, 1152, 1152, 1152, 1152, 1152, 1152, 1152, 1152, 1152, 1152, 1152, 1152, 1152, 1152, 1152, 1152, 1152, 1152, 1152, 1152, 1152, 1152, 1152, 1152, 1152, 1152, 1152, 1152, 1152, 1152, 1152, 1152, 1152, 1152, 1152, 1152, 1152, 1152, 1152, 1152, 1152, 1152, 1152, 1152, 1152, 1152, 1152, 1152, 1152, 1152, 1152, 1152, 1152, 1152, 1152, 1152, 1152, 1152, 1152, 1152, 1152, 1152, 1152, 1152, 1152, 1152, 1152, 1152, 1152, 1152, 1152, 1152, 1152, 1152, 1152, 1152, 1152, 1152, 1152, 1152, 1152, 1152, 1152, 1152, 1152, 1152, 1152, 1152, 1152, 1152, 1152, 1152, 1151, 1151, 1151, 1151, 1151, 1151, 1151, 1151, 1151, 1151, 1151, 1151, 1151, 1151, 1151, 1151, 1151, 1151, 1151, 1151, 1151, 1151, 1151, 1151, 1151, 1151, 1151, 1151, 1151, 1151, 1151, 1151, 1151, 1151, 1151, 1151, 1151, 1151, 1151, 1151, 1151, 1151, 1151, 1151, 1151, 1151, 1151, 1151, 1151, 1151, 1151, 1151, 1151, 1151, 1151, 1151, 1151, 1151, 1151, 1151, 1151, 1151, 1151, 1151, 1151, 1151, 1151, 1151, 1151, 1151, 1151, 1151, 1151, 1151, 1151, 1151, 1151, 1151, 1151, 1151, 1151, 1151, 1151, 1151, 1151, 1151, 1151, 1151, 1151, 1151, 1151, 1151, 1151, 1151, 1151, 1151, 1151, 1151, 1151, 1151, 1151, 1151, 1151, 1151, 1151, 1151, 1151, 1151, 1151, 1151, 1151, 1151, 1151, 1151, 1151, 1151, 1151, 1151, 1151, 1151, 1151, 1151, 1151, 1151, 1151, 1151, 1151, 1151, 1151, 1151, 1151, 1151, 1151, 1151, 1151, 1151, 1151, 1151, 1151, 1151, 1151, 1151, 1151, 1151, 1151, 1151, 1151, 1151, 1151, 1151, 1151, 1151, 1151, 1151, 1151, 1151, 1151, 1151, 1151, 1151, 1151, 1151, 1151, 1151, 1151, 1151, 1151, 1151, 1151, 1151, 1151, 1151, 1151, 1151, 1151, 1151, 1151, 1151, 1151, 1151, 1151, 1151, 1151, 1151, 1151, 1151, 1151, 1151, 1151, 1151, 1151, 1151, 1151, 1151, 1151, 1151, 1151, 1151, 1151, 1151, 1151, 1151, 1151, 1151, 1151, 1151, 1151, 1151, 1151, 1151, 1151, 1151, 1151, 1151, 1151, 1151, 1151, 1151, 1151, 1151, 1151, 1151, 1151, 1151, 1151, 1151, 1151, 1151, 1151, 1151, 1151, 1151, 1151, 1151, 1151, 1151, 1151, 1151, 1151, 1151, 1151, 1151, 1151, 1151, 1151, 1151, 1151, 1151, 1151, 1151, 1151, 1151, 1151, 1151, 1151, 1151, 1151, 1151, 1151, 1151, 1151, 1151, 1151, 1151, 1151, 1151, 1151, 1151, 1151, 1151, 1151, 1151, 1151, 1151, 1151, 1151, 1151, 1151, 1151, 1151, 1151, 1151, 1151, 1151, 1151, 1151, 1151, 1151, 1151, 1151, 1151, 1151, 1151, 1151, 1151, 1151, 1151, 1151, 1151, 1151, 1151, 1151, 1151, 1151, 1151, 1151, 1151, 1151, 1151, 1151, 1151, 1151, 1151, 1151, 1151, 1151, 1151, 1151, 1151, 1151, 1151, 1151, 1151, 1151, 1151, 1151, 1151, 1151, 1151, 1151, 1151, 1151, 1151, 1151, 1151, 1151, 1151, 1151, 1151, 1151, 1151, 1151, 1151, 1151, 1151, 1151, 1151, 1151, 1151, 1151, 1151, 1151, 1151, 1151, 1151, 1151, 1151, 1151, 1151, 1151, 1151, 1151, 1151, 1151, 1151, 1151, 1151, 1151, 1151, 1151, 1151, 1151, 1151, 1151, 1151, 1151, 1151, 1151, 1151, 1151, 1151, 1151, 1151, 1151]
[i] Got univariate poly in p, degree 1153
[T] TIME to get univariate polynomial: 93.53640699386597  | memory usage: 0.62 GB

[T] TIME pre gcd (x^(2^n)-x mod f): 95.50593590736389  | memory usage: 0.62 GB
gcd polynomial 103914261914264547281556383957411349165213548623845887692228668547064868818099*x + 20097989428027943505651152013500366929842432518230439654229228151936080170798
[T] TIME post gcd: 95.60750555992126  | memory usage: 0.62 GB
found roots:
- 85776e9add84f39e71545a137a1d50068d723104f77383c13458a748e9bb17bc | 382 / 382 match
[T] TIME full attack (main part only): 104.30209493637085  | memory usage: 0.62 GB
[i] Real secret key for comparison: GF256Element(85776e9add84f39e71545a137a1d50068d723104f77383c13458a748e9bb17bc)
	Command being timed: "sage attack-aim2.py --no-progress-bars -n 256 -l 3 -L 382 --seed=0"
	User time (seconds): 309.09
	System time (seconds): 0.59
	Percent of CPU this job got: 99%
	Elapsed (wall clock) time (h:mm:ss or m:ss): 5:10.05
	Average shared text size (kbytes): 0
	Average unshared data size (kbytes): 0
	Average stack size (kbytes): 0
	Average total size (kbytes): 0
	Maximum resident set size (kbytes): 869100
	Average resident set size (kbytes): 0
	Major (requiring I/O) page faults: 0
	Minor (reclaiming a frame) page faults: 307707
	Voluntary context switches: 147
	Involuntary context switches: 4230
	Swaps: 0
	File system inputs: 0
	File system outputs: 16
	Socket messages sent: 0
	Socket messages received: 0
	Signals delivered: 0
	Page size (bytes): 4096
	Exit status: 0
