[i] Seed: 0
[i] Secret key: GF256Element(85776e9add84f39e71545a137a1d50068d723104f77383c13458a748e9bb17bc)

Generating (iv, ct) pairs...


[i] AIM/attack parameters:
- n = 256 bits
- ell = 3 branches
- L = 1 IVs
- M = 192 squarings (1 ... 2^(M-1) 2^M)
- W = 769 t-monomials
- Only estimate ? True

[I] Time complexity rough estimate = 2^222.39 field ops

Generating base equations... (using linearized polynomials)

[i] Initial equations: 4
[i] Squared equations: 772
[i] W = t-monomials in equations: 769

Arranging equations...

[i] Full equation matrix F: H=772 x W=769

Computing pivots (p=0)
[i] Rank = #pivots = 769/769   fingerprint 27ff8de41a9c9dfe
[I] Row-degree sum ξ: experimental = 2^194.32, estimated = 2^194.99
[I] Total nonzero coefficients 297027 <= 2W^2 = 1182722 ? True
[I] Time complexity 2^221.19 field ops = 2^213.19 encs  (1/n convention)
[I] Memory complexity : 2^204.91 field elems = 2^209.91 bytes = 1438585291657554360446251054539291701907727520702136320.00 GB
[R1] n=256  ell= 3  L=  1  M=192  W= 769  ξ=2^194.32  Time=2^221.19 field ops  Mem=2^204.91 field elems
[R2] n=256  ell= 3  L=  1  M=192  W= 769  ξ=2^194.32  Time=2^213.19 enc  Mem=2^209.91 bytes

[W] not running full attack 1438585291657554360446251054539291701907727520702136320.0 GB needed, 27.0 GB available
[i] Real secret key for comparison: GF256Element(85776e9add84f39e71545a137a1d50068d723104f77383c13458a748e9bb17bc)
	Command being timed: "sage attack-aim2.py --no-progress-bars -n 256 -l 3 -L 1 --seed=0 --only-estimate"
	User time (seconds): 10.94
	System time (seconds): 0.26
	Percent of CPU this job got: 99%
	Elapsed (wall clock) time (h:mm:ss or m:ss): 0:11.23
	Average shared text size (kbytes): 0
	Average unshared data size (kbytes): 0
	Average stack size (kbytes): 0
	Average total size (kbytes): 0
	Maximum resident set size (kbytes): 412736
	Average resident set size (kbytes): 0
	Major (requiring I/O) page faults: 0
	Minor (reclaiming a frame) page faults: 95961
	Voluntary context switches: 153
	Involuntary context switches: 335
	Swaps: 0
	File system inputs: 0
	File system outputs: 16
	Socket messages sent: 0
	Socket messages received: 0
	Signals delivered: 0
	Page size (bytes): 4096
	Exit status: 0
