[i] Seed: 0
[i] Secret key: GF256Element(8133287637ebdcd9e87a1613e443df789558867f5ba91faf7a024204f7c1bd87)

Generating (iv, ct) pairs...


[i] AIM/attack parameters:
- n = 256 bits
- ell = 5 branches
- L = 1 IVs
- M = 213 squarings (1 ... 2^(M-1) 2^M)
- W = 1281 t-monomials
- Only estimate ? True

[I] Time complexity rough estimate = 2^244.31 field ops

Generating base equations... (using linearized polynomials)

[i] Initial equations: 6
[i] Squared equations: 1284
[i] W = t-monomials in equations: 1281

Arranging equations...

[i] Full equation matrix F: H=1284 x W=1281

Computing pivots (p=0)
[i] Rank = #pivots = 1281/1281   fingerprint 36ed13c061e6582e
[I] Row-degree sum ξ: experimental = 2^216.17, estimated = 2^216.58
[I] Total nonzero coefficients 548910 <= 2W^2 = 3281922 ? True
[I] Time complexity 2^243.67 field ops = 2^235.67 encs  (1/n convention)
[I] Memory complexity : 2^227.49 field elems = 2^232.49 bytes = 9046088238409130315782852032520148263905506989903231737397248.00 GB
[R1] n=256  ell= 5  L=  1  M=213  W=1281  ξ=2^216.17  Time=2^243.67 field ops  Mem=2^227.49 field elems
[R2] n=256  ell= 5  L=  1  M=213  W=1281  ξ=2^216.17  Time=2^235.67 enc  Mem=2^232.49 bytes

[W] not running full attack 9046088238409130315782852032520148263905506989903231737397248.0 GB needed, 26.8 GB available
[i] Real secret key for comparison: GF256Element(8133287637ebdcd9e87a1613e443df789558867f5ba91faf7a024204f7c1bd87)
	Command being timed: "sage attack-aim2.py --no-progress-bars -n 256 -l 5 -L 1 --seed=0 --only-estimate"
	User time (seconds): 28.01
	System time (seconds): 0.34
	Percent of CPU this job got: 99%
	Elapsed (wall clock) time (h:mm:ss or m:ss): 0:28.40
	Average shared text size (kbytes): 0
	Average unshared data size (kbytes): 0
	Average stack size (kbytes): 0
	Average total size (kbytes): 0
	Maximum resident set size (kbytes): 648372
	Average resident set size (kbytes): 0
	Major (requiring I/O) page faults: 0
	Minor (reclaiming a frame) page faults: 158963
	Voluntary context switches: 158
	Involuntary context switches: 445
	Swaps: 0
	File system inputs: 0
	File system outputs: 16
	Socket messages sent: 0
	Socket messages received: 0
	Signals delivered: 0
	Page size (bytes): 4096
	Exit status: 0
