single_approximant: len(flat_coeffs) = 1144392
single_approximant: d = 4768 / 47680 (10.0 %)
single_approximant: d = 9536 / 47680 (20.0 %)
single_approximant: d = 14304 / 47680 (30.0 %)
single_approximant: d = 19072 / 47680 (40.0 %)
single_approximant: d = 23840 / 47680 (50.0 %)
single_approximant: d = 28608 / 47680 (60.0 %)
single_approximant: d = 33376 / 47680 (70.0 %)
single_approximant: d = 38144 / 47680 (80.0 %)
single_approximant: d = 42912 / 47680 (90.0 %)
[i] Seed: 0
[i] Secret key: GF256Element(85776e9add84f39e71545a137a1d50068d723104f77383c13458a748e9bb17bc)

Generating (iv, ct) pairs...


[i] AIM/attack parameters:
- n = 256 bits
- ell = 3 branches
- L = 94 IVs
- M = 7 squarings (1 ... 2^(M-1) 2^M)
- W = 769 t-monomials
- Only estimate ? False

[I] Time complexity rough estimate = 2^42.91 field ops

Generating base equations... (using linearized polynomials)

[i] Initial equations: 97
[i] Squared equations: 776
[i] W = t-monomials in equations: 769

Arranging equations...

[i] Full equation matrix F: H=776 x W=769

Computing pivots (p=0)
[i] Rank = #pivots = 769/769   fingerprint 581ca92ab684aa9
[I] Row-degree sum ξ: experimental = 2^14.54, estimated = 2^14.59
[I] Total nonzero coefficients 1145882 <= 2W^2 = 1182722 ? True
[I] Time complexity 2^36.38 field ops = 2^28.38 encs  (1/n convention)
[I] Memory complexity : 2^25.34 field elems = 2^30.34 bytes = 1.27 GB
[R1] n=256  ell= 3  L= 94  M=  7  W= 769  ξ=2^ 14.54  Time=2^ 36.38 field ops  Mem=2^ 25.34 field elems
[R2] n=256  ell= 3  L= 94  M=  7  W= 769  ξ=2^ 14.54  Time=2^ 28.38 enc  Mem=2^ 30.34 bytes

[i] Running full attack 1.3 GB needed, 27.8 GB available

[o] Approximant order o = 47680 = 2^15.54
[T] Main attack part, start time measurement  | memory usage: 1.03 GB

[.] Computing pivots of G0 for inversion...
[.] Inversion of base matrix...
[.] Single approximant...
[T] TIME after single approximant: 1540.5164203643799  | memory usage: 2.30 GB

[i] Kernel len = 769 degrees = [47679, 47679, 47679, 47679, 47679, 47679, 47679, 47679, 47679, 47679, 47679, 47679, 47679, 47679, 47679, 47679, 47679, 47679, 47679, 47679, 47679, 47679, 47679, 47679, 47679, 47679, 47679, 47679, 47679, 47679, 47679, 47679, 47679, 47679, 47679, 47679, 47679, 47679, 47679, 47679, 47679, 47679, 47679, 47679, 47679, 47679, 47679, 47679, 47679, 47679, 47679, 47679, 47679, 47679, 47679, 47679, 47679, 47679, 47679, 47679, 47679, 47679, 47679, 47679, 47679, 47679, 47679, 47679, 47679, 47679, 47679, 47679, 47679, 47679, 47679, 47679, 47679, 47679, 47679, 47679, 47679, 47679, 47679, 47679, 47679, 47679, 47679, 47679, 47679, 47679, 47679, 47679, 47679, 47679, 47679, 47679, 47679, 47679, 47679, 47679, 47679, 47679, 47679, 47679, 47679, 47679, 47679, 47679, 47679, 47679, 47679, 47679, 47679, 47679, 47679, 47679, 47679, 47679, 47679, 47679, 47679, 47679, 47679, 47679, 47679, 47679, 47679, 47679, 47679, 47679, 47679, 47679, 47679, 47679, 47679, 47679, 47679, 47679, 47679, 47679, 47679, 47679, 47679, 47679, 47679, 47679, 47679, 47679, 47679, 47679, 47679, 47679, 47679, 47679, 47679, 47679, 47679, 47679, 47679, 47679, 47679, 47679, 47679, 47679, 47679, 47679, 47679, 47679, 47679, 47679, 47679, 47679, 47679, 47679, 47679, 47679, 47679, 47679, 47679, 47679, 47679, 47679, 47679, 47679, 47679, 47679, 47679, 47679, 47679, 47679, 47679, 47679, 47679, 47679, 47679, 47679, 47679, 47679, 47679, 47679, 47679, 47679, 47679, 47679, 47679, 47679, 47679, 47679, 47679, 47679, 47679, 47679, 47679, 47679, 47679, 47679, 47679, 47679, 47679, 47679, 47679, 47679, 47679, 47679, 47679, 47679, 47679, 47679, 47679, 47679, 47679, 47679, 47679, 47679, 47679, 47679, 47679, 47679, 47679, 47679, 47679, 47679, 47679, 47679, 47679, 47679, 47679, 47679, 47679, 47679, 47679, 47679, 47679, 47679, 47679, 47679, 47679, 47679, 47679, 47679, 47679, 47679, 47679, 47679, 47679, 47679, 47679, 47679, 47679, 47679, 47679, 47679, 47679, 47679, 47679, 47679, 47679, 47679, 47679, 47679, 47679, 47679, 47679, 47679, 47679, 47679, 47679, 47679, 47679, 47679, 47679, 47679, 47679, 47679, 47679, 47679, 47679, 47679, 47679, 47679, 47679, 47679, 47679, 47679, 47679, 47679, 47679, 47679, 47679, 47679, 47679, 47679, 47679, 47679, 47679, 47679, 47679, 47679, 47679, 47679, 47679, 47679, 47679, 47679, 47679, 47679, 47679, 47679, 47679, 47679, 47679, 47679, 47679, 47679, 47679, 47679, 47679, 47679, 47679, 47679, 47679, 47679, 47679, 47679, 47679, 47679, 47679, 47679, 47679, 47679, 47679, 47679, 47679, 47679, 47679, 47679, 47679, 47679, 47679, 47679, 47679, 47679, 47679, 47679, 47679, 47679, 47679, 47679, 47679, 47679, 47679, 47679, 47679, 47679, 47679, 47679, 47679, 47679, 47679, 47679, 47679, 47679, 47679, 47679, 47679, 47679, 47679, 47679, 47679, 47679, 47679, 47679, 47679, 47679, 47679, 47679, 47679, 47679, 47679, 47679, 47679, 47679, 47679, 47679, 47679, 47679, 47679, 47679, 47679, 47679, 47679, 47679, 47679, 47679, 47679, 47679, 47679, 47679, 47679, 47679, 47679, 47679, 47679, 47679, 47679, 47679, 47679, 47679, 47679, 47679, 47679, 47679, 47679, 47679, 47679, 47679, 47679, 47679, 47679, 47679, 47679, 47679, 47679, 47679, 47679, 47679, 47679, 47679, 47679, 47679, 47679, 47679, 47679, 47679, 47679, 47679, 47679, 47679, 47679, 47679, 47679, 47679, 47679, 47679, 47679, 47679, 47679, 47679, 47679, 47679, 47679, 47679, 47679, 47679, 47679, 47679, 47679, 47679, 47679, 47679, 47679, 47679, 47679, 47679, 47679, 47679, 47679, 47679, 47679, 47679, 47679, 47679, 47679, 47679, 47679, 47679, 47679, 47679, 47679, 47679, 47679, 47679, 47679, 47679, 47679, 47679, 47679, 47679, 47679, 47679, 47679, 47679, 47679, 47679, 47679, 47679, 47679, 47679, 47679, 47679, 47679, 47679, 47679, 47679, 47679, 47679, 47679, 47679, 47679, 47679, 47679, 47679, 47679, 47679, 47679, 47679, 47679, 47679, 47679, 47679, 47679, 47679, 47679, 47679, 47679, 47679, 47679, 47679, 47679, 47679, 47679, 47679, 47679, 47679, 47679, 47679, 47679, 47679, 47679, 47679, 47679, 47679, 47679, 47679, 47679, 47679, 47679, 47679, 47679, 47679, 47679, 47679, 47679, 47679, 47679, 47679, 47679, 47679, 47679, 47679, 47679, 47679, 47679, 47679, 47679, 47679, 47679, 47679, 47679, 47679, 47679, 47679, 47679, 47679, 47679, 47679, 47679, 47679, 47679, 47679, 47679, 47679, 47679, 47679, 47679, 47679, 47679, 47679, 47679, 47679, 47679, 47679, 47679, 47679, 47679, 47679, 47679, 47679, 47679, 47679, 47679, 47679, 47679, 47679, 47679, 47679, 47679, 47679, 47679, 47679, 47679, 47679, 47679, 47679, 47679, 47679, 47679, 47679, 47679, 47679, 47679, 47679, 47679, 47679, 47679, 47679, 47679, 47679, 47679, 47679, 47679, 47679, 47679, 47679, 47679, 47679, 47679, 47679, 47679, 47679, 47679, 47679, 47679, 47679, 47679, 47679, 47679, 47679, 47679, 47679, 47679, 47679, 47679, 47679, 47679, 47679, 47679, 47679, 47679, 47679, 47679, 47679, 47679, 47679, 47679, 47679, 47679, 47679, 47679, 47679, 47679, 47679, 47679, 47679, 47679, 47679, 47679, 47679, 47679, 47679, 47679, 47679, 47679, 47679, 47679, 47679, 47679, 47679, 47679, 47679, 47679, 47679, 47679, 47679, 47679, 47679, 47679, 47679, 47679, 47679, 47679, 47679, 47679, 47679, 47679, 47679, 47679, 47679, 47679, 47679, 47679, 47679, 47679, 47679, 47679, 47679, 47679, 47679, 47679, 47679, 47679, 47679, 47679, 47679, 47679, 47679, 47679, 47679, 47679, 47679, 47679, 47679, 47679, 47679, 47679, 47679, 47679, 47679, 47679, 47679, 47679, 47679, 47679, 47679, 47679, 47679, 47679, 47679, 0]
[T] TIME after first HalfGCD: 1543.959492444992  | memory usage: 2.30 GB
[i] Degrees of kernel * F [-1, 23838, 23838, 23838, 23838, 23838, 23838, 23838, 23838, 23838, 23838, 23838, 23838, 23838, 23838, 23838, 23838, 23838, 23838, 23838, 23838, 23838, 23838, 23838, 23838, 23838, 23838, 23838, 23838, 23838, 23838, 23838, 23838, 23838, 23838, 23838, 23838, 23838, 23838, 23838, 23838, 23838, 23838, 23838, 23838, 23838, 23838, 23838, 23838, 23838, 23838, 23838, 23838, 23838, 23838, 23838, 23838, 23838, 23838, 23838, 23838, 23838, 23838, 23838, 23838, 23838, 23838, 23838, 23838, 23838, 23838, 23838, 23838, 23838, 23838, 23838, 23838, 23838, 23838, 23838, 23838, 23838, 23838, 23838, 23838, 23838, 23838, 23838, 23838, 23838, 23838, 23838, 23838, 23838, 23838, 23838, 23838, 23837, 23837, 23837, 23837, 23837, 23837, 23837, 23837, 23837, 23837, 23837, 23837, 23837, 23837, 23837, 23837, 23837, 23837, 23837, 23837, 23837, 23837, 23837, 23837, 23837, 23837, 23837, 23837, 23837, 23837, 23837, 23837, 23837, 23837, 23837, 23837, 23837, 23837, 23837, 23837, 23837, 23837, 23837, 23837, 23837, 23837, 23837, 23837, 23837, 23837, 23837, 23837, 23837, 23837, 23837, 23837, 23837, 23837, 23837, 23837, 23837, 23837, 23837, 23837, 23837, 23837, 23837, 23837, 23837, 23837, 23837, 23837, 23837, 23837, 23837, 23837, 23837, 23837, 23837, 23837, 23837, 23837, 23837, 23837, 23837, 23837, 23837, 23837, 23837, 23837, 23837, 23837, 23837, 23837, 23837, 23837, 23837, 23835, 23835, 23835, 23835, 23835, 23835, 23835, 23835, 23835, 23835, 23835, 23835, 23835, 23835, 23835, 23835, 23835, 23835, 23835, 23835, 23835, 23835, 23835, 23835, 23835, 23835, 23835, 23835, 23835, 23835, 23835, 23835, 23835, 23835, 23835, 23835, 23835, 23835, 23835, 23835, 23835, 23835, 23835, 23835, 23835, 23835, 23835, 23835, 23835, 23835, 23835, 23835, 23835, 23835, 23835, 23835, 23835, 23835, 23835, 23835, 23835, 23835, 23835, 23835, 23835, 23835, 23835, 23835, 23835, 23835, 23835, 23835, 23835, 23835, 23835, 23835, 23835, 23835, 23835, 23835, 23835, 23835, 23835, 23835, 23835, 23835, 23835, 23835, 23835, 23835, 23835, 23835, 23835, 23835, 23835, 23835, 23835, 23831, 23831, 23831, 23831, 23831, 23831, 23831, 23831, 23831, 23831, 23831, 23831, 23831, 23831, 23831, 23831, 23831, 23831, 23831, 23831, 23831, 23831, 23831, 23831, 23831, 23831, 23831, 23831, 23831, 23831, 23831, 23831, 23831, 23831, 23831, 23831, 23831, 23831, 23831, 23831, 23831, 23831, 23831, 23831, 23831, 23831, 23831, 23831, 23831, 23831, 23831, 23831, 23831, 23831, 23831, 23831, 23831, 23831, 23831, 23831, 23831, 23831, 23831, 23831, 23831, 23831, 23831, 23831, 23831, 23831, 23831, 23831, 23831, 23831, 23831, 23831, 23831, 23831, 23831, 23831, 23831, 23831, 23831, 23831, 23831, 23831, 23831, 23831, 23831, 23831, 23831, 23831, 23831, 23831, 23831, 23831, 23831, 23823, 23823, 23823, 23823, 23823, 23823, 23823, 23823, 23823, 23823, 23823, 23823, 23823, 23823, 23823, 23823, 23823, 23823, 23823, 23823, 23823, 23823, 23823, 23823, 23823, 23823, 23823, 23823, 23823, 23823, 23823, 23823, 23823, 23823, 23823, 23823, 23823, 23823, 23823, 23823, 23823, 23823, 23823, 23823, 23823, 23823, 23823, 23823, 23823, 23823, 23823, 23823, 23823, 23823, 23823, 23823, 23823, 23823, 23823, 23823, 23823, 23823, 23823, 23823, 23823, 23823, 23823, 23823, 23823, 23823, 23823, 23823, 23823, 23823, 23823, 23823, 23823, 23823, 23823, 23823, 23823, 23823, 23823, 23823, 23823, 23823, 23823, 23823, 23823, 23823, 23823, 23823, 23823, 23823, 23823, 23823, 23823, 23807, 23807, 23807, 23807, 23807, 23807, 23807, 23807, 23807, 23807, 23807, 23807, 23807, 23807, 23807, 23807, 23807, 23807, 23807, 23807, 23807, 23807, 23807, 23807, 23807, 23807, 23807, 23807, 23807, 23807, 23807, 23807, 23807, 23807, 23807, 23807, 23807, 23807, 23807, 23807, 23807, 23807, 23807, 23807, 23807, 23807, 23807, 23807, 23807, 23807, 23807, 23807, 23807, 23807, 23807, 23807, 23807, 23807, 23807, 23807, 23807, 23807, 23807, 23807, 23807, 23807, 23807, 23807, 23807, 23807, 23807, 23807, 23807, 23807, 23807, 23807, 23807, 23807, 23807, 23807, 23807, 23807, 23807, 23807, 23807, 23807, 23807, 23807, 23807, 23807, 23807, 23807, 23807, 23807, 23807, 23807, 23807, 23775, 23775, 23775, 23775, 23775, 23775, 23775, 23775, 23775, 23775, 23775, 23775, 23775, 23775, 23775, 23775, 23775, 23775, 23775, 23775, 23775, 23775, 23775, 23775, 23775, 23775, 23775, 23775, 23775, 23775, 23775, 23775, 23775, 23775, 23775, 23775, 23775, 23775, 23775, 23775, 23775, 23775, 23775, 23775, 23775, 23775, 23775, 23775, 23775, 23775, 23775, 23775, 23775, 23775, 23775, 23775, 23775, 23775, 23775, 23775, 23775, 23775, 23775, 23775, 23775, 23775, 23775, 23775, 23775, 23775, 23775, 23775, 23775, 23775, 23775, 23775, 23775, 23775, 23775, 23775, 23775, 23775, 23775, 23775, 23775, 23775, 23775, 23775, 23775, 23775, 23775, 23775, 23775, 23775, 23775, 23775, 23775, 23711, 23711, 23711, 23711, 23711, 23711, 23711, 23711, 23711, 23711, 23711, 23711, 23711, 23711, 23711, 23711, 23711, 23711, 23711, 23711, 23711, 23711, 23711, 23711, 23711, 23711, 23711, 23711, 23711, 23711, 23711, 23711, 23711, 23711, 23711, 23711, 23711, 23711, 23711, 23711, 23711, 23711, 23711, 23711, 23711, 23711, 23711, 23711, 23711, 23711, 23711, 23711, 23711, 23711, 23711, 23711, 23711, 23711, 23711, 23711, 23711, 23711, 23711, 23711, 23711, 23711, 23711, 23711, 23711, 23711, 23711, 23711, 23711, 23711, 23711, 23711, 23711, 23711, 23711, 23711, 23711, 23711, 23711, 23711, 23711, 23711, 23711, 23711, 23711, 23711]
[i] Got univariate poly in p, degree 23839
[T] TIME to get univariate polynomial: 1626.0252163410187  | memory usage: 1.21 GB

[T] TIME pre gcd (x^(2^n)-x mod f): 1864.9767422676086  | memory usage: 1.21 GB
gcd polynomial 37716282593445942662976709759174906594705851478042930179844563106847533218609*x + 8410056960241916392427136878101539432602155448393403491006570010098479914075
[T] TIME post gcd: 1870.597553730011  | memory usage: 1.21 GB
found roots:
- 85776e9add84f39e71545a137a1d50068d723104f77383c13458a748e9bb17bc | 94 / 94 match
[T] TIME full attack (main part only): 1872.7403018474579  | memory usage: 1.21 GB
[i] Real secret key for comparison: GF256Element(85776e9add84f39e71545a137a1d50068d723104f77383c13458a748e9bb17bc)
	Command being timed: "sage attack-aim2.py --no-progress-bars -n 256 -l 3 -L 94 --seed=0"
	User time (seconds): 1946.51
	System time (seconds): 1.69
	Percent of CPU this job got: 99%
	Elapsed (wall clock) time (h:mm:ss or m:ss): 32:31.06
	Average shared text size (kbytes): 0
	Average unshared data size (kbytes): 0
	Average stack size (kbytes): 0
	Average total size (kbytes): 0
	Maximum resident set size (kbytes): 2478760
	Average resident set size (kbytes): 0
	Major (requiring I/O) page faults: 0
	Minor (reclaiming a frame) page faults: 840848
	Voluntary context switches: 158
	Involuntary context switches: 39473
	Swaps: 0
	File system inputs: 0
	File system outputs: 16
	Socket messages sent: 0
	Socket messages received: 0
	Signals delivered: 0
	Page size (bytes): 4096
	Exit status: 0
