[i] Seed: 0
[i] Secret key: GF256Element(23a7711a8133287637ebdcd9e87a1613e443df789558867f5ba91faf7a024204)

Generating (iv, ct) pairs...


[i] AIM/attack parameters:
- n = 256 bits
- ell = 6 branches
- L = 1 IVs
- M = 219 squarings (1 ... 2^(M-1) 2^M)
- W = 1537 t-monomials
- Only estimate ? True

[I] Time complexity rough estimate = 2^250.63 field ops

Generating base equations... (using linearized polynomials)

[i] Initial equations: 7
[i] Squared equations: 1540
[i] W = t-monomials in equations: 1537

Arranging equations...

[i] Full equation matrix F: H=1540 x W=1537

Computing pivots (p=0)
[i] Rank = #pivots = 1537/1537   fingerprint 3b929e72c4a0517c
[I] Row-degree sum ξ: experimental = 2^222.46, estimated = 2^222.80
[I] Total nonzero coefficients 677160 <= 2W^2 = 4724738 ? True
[I] Time complexity 2^250.17 field ops = 2^242.17 encs  (1/n convention)
[I] Memory complexity : 2^234.05 field elems = 2^239.05 bytes = 849015672321460893393373534225376128776340187996427452076261376.00 GB
[R1] n=256  ell= 6  L=  1  M=219  W=1537  ξ=2^222.46  Time=2^250.17 field ops  Mem=2^234.05 field elems
[R2] n=256  ell= 6  L=  1  M=219  W=1537  ξ=2^222.46  Time=2^242.17 enc  Mem=2^239.05 bytes

[W] not running full attack 849015672321460893393373534225376128776340187996427452076261376.0 GB needed, 26.6 GB available
[i] Real secret key for comparison: GF256Element(23a7711a8133287637ebdcd9e87a1613e443df789558867f5ba91faf7a024204)
	Command being timed: "sage attack-aim2.py --no-progress-bars -n 256 -l 6 -L 1 --seed=0 --only-estimate"
	User time (seconds): 41.30
	System time (seconds): 0.37
	Percent of CPU this job got: 99%
	Elapsed (wall clock) time (h:mm:ss or m:ss): 0:41.75
	Average shared text size (kbytes): 0
	Average unshared data size (kbytes): 0
	Average stack size (kbytes): 0
	Average total size (kbytes): 0
	Maximum resident set size (kbytes): 789088
	Average resident set size (kbytes): 0
	Major (requiring I/O) page faults: 0
	Minor (reclaiming a frame) page faults: 191247
	Voluntary context switches: 158
	Involuntary context switches: 1422
	Swaps: 0
	File system inputs: 0
	File system outputs: 16
	Socket messages sent: 0
	Socket messages received: 0
	Signals delivered: 0
	Page size (bytes): 4096
	Exit status: 0
