[i] Seed: 0
[i] Secret key: GF256Element(6f25e2a25a92118719c78df48f4ff31e78de58575487ce1eaf19922ad9b8a714)

Generating (iv, ct) pairs...


[i] AIM/attack parameters:
- n = 256 bits
- ell = 7 branches
- L = 1 IVs
- M = 224 squarings (1 ... 2^(M-1) 2^M)
- W = 1793 t-monomials
- Only estimate ? True

[I] Time complexity rough estimate = 2^255.39 field ops

Generating base equations... (using linearized polynomials)

[i] Initial equations: 8
[i] Squared equations: 1800
[i] W = t-monomials in equations: 1793

Arranging equations...

[i] Full equation matrix F: H=1800 x W=1793

Computing pivots (p=0)
[i] Rank = #pivots = 1793/1793   fingerprint 7de3b7884c31a22c
[I] Row-degree sum ξ: experimental = 2^227.17, estimated = 2^227.99
[I] Total nonzero coefficients 807971 <= 2W^2 = 6429698 ? True
[I] Time complexity 2^255.06 field ops = 2^247.06 encs  (1/n convention)
[I] Memory complexity : 2^238.98 field elems = 2^243.98 bytes = 25931159220207326076420642284109340916900789710672927983258304512.00 GB
[R1] n=256  ell= 7  L=  1  M=224  W=1793  ξ=2^227.17  Time=2^255.06 field ops  Mem=2^238.98 field elems
[R2] n=256  ell= 7  L=  1  M=224  W=1793  ξ=2^227.17  Time=2^247.06 enc  Mem=2^243.98 bytes

[W] not running full attack 25931159220207326076420642284109340916900789710672927983258304512.0 GB needed, 26.4 GB available
[i] Real secret key for comparison: GF256Element(6f25e2a25a92118719c78df48f4ff31e78de58575487ce1eaf19922ad9b8a714)
	Command being timed: "sage attack-aim2.py --no-progress-bars -n 256 -l 7 -L 1 --seed=0 --only-estimate"
	User time (seconds): 56.18
	System time (seconds): 0.47
	Percent of CPU this job got: 99%
	Elapsed (wall clock) time (h:mm:ss or m:ss): 0:56.75
	Average shared text size (kbytes): 0
	Average unshared data size (kbytes): 0
	Average stack size (kbytes): 0
	Average total size (kbytes): 0
	Maximum resident set size (kbytes): 930032
	Average resident set size (kbytes): 0
	Major (requiring I/O) page faults: 0
	Minor (reclaiming a frame) page faults: 238247
	Voluntary context switches: 160
	Involuntary context switches: 2065
	Swaps: 0
	File system inputs: 0
	File system outputs: 16
	Socket messages sent: 0
	Socket messages received: 0
	Signals delivered: 0
	Page size (bytes): 4096
	Exit status: 0
